{"/home/sharat/git/HW2_Devops/test.js":{"path":"/home/sharat/git/HW2_Devops/test.js","s":{"1":1,"2":1,"3":1,"4":1,"5":1,"6":1,"7":1,"8":1,"9":1,"10":1,"11":1,"12":1,"13":1,"14":1,"15":1,"16":1,"17":1,"18":1,"19":1,"20":1,"21":1,"22":1,"23":1,"24":1,"25":1,"26":1,"27":1,"28":1,"29":1,"30":1,"31":1,"32":1,"33":1,"34":1,"35":1,"36":1,"37":1,"38":1,"39":1,"40":1,"41":1,"42":1,"43":1,"44":1,"45":1,"46":1,"47":1,"48":1,"49":1,"50":1,"51":1,"52":1,"53":1,"54":1,"55":1,"56":1,"57":1,"58":1,"59":1,"60":1,"61":1,"62":1,"63":1,"64":1,"65":1,"66":1,"67":1,"68":1,"69":1,"70":1,"71":1,"72":1,"73":1,"74":1,"75":1,"76":1,"77":1},"b":{},"f":{},"fnMap":{},"statementMap":{"1":{"start":{"line":1,"column":0},"end":{"line":1,"column":37}},"2":{"start":{"line":2,"column":0},"end":{"line":2,"column":30}},"3":{"start":{"line":3,"column":0},"end":{"line":3,"column":21}},"4":{"start":{"line":4,"column":0},"end":{"line":4,"column":32}},"5":{"start":{"line":5,"column":0},"end":{"line":5,"column":20}},"6":{"start":{"line":6,"column":0},"end":{"line":6,"column":31}},"7":{"start":{"line":7,"column":0},"end":{"line":7,"column":35}},"8":{"start":{"line":8,"column":0},"end":{"line":8,"column":38}},"9":{"start":{"line":9,"column":0},"end":{"line":9,"column":30}},"10":{"start":{"line":10,"column":0},"end":{"line":10,"column":35}},"11":{"start":{"line":11,"column":0},"end":{"line":11,"column":35}},"12":{"start":{"line":12,"column":0},"end":{"line":12,"column":38}},"13":{"start":{"line":13,"column":0},"end":{"line":13,"column":30}},"14":{"start":{"line":14,"column":0},"end":{"line":14,"column":35}},"15":{"start":{"line":15,"column":0},"end":{"line":15,"column":35}},"16":{"start":{"line":16,"column":0},"end":{"line":16,"column":38}},"17":{"start":{"line":17,"column":0},"end":{"line":17,"column":30}},"18":{"start":{"line":18,"column":0},"end":{"line":18,"column":35}},"19":{"start":{"line":19,"column":0},"end":{"line":19,"column":35}},"20":{"start":{"line":20,"column":0},"end":{"line":20,"column":38}},"21":{"start":{"line":21,"column":0},"end":{"line":21,"column":30}},"22":{"start":{"line":22,"column":0},"end":{"line":22,"column":35}},"23":{"start":{"line":23,"column":0},"end":{"line":23,"column":35}},"24":{"start":{"line":24,"column":0},"end":{"line":24,"column":38}},"25":{"start":{"line":25,"column":0},"end":{"line":25,"column":30}},"26":{"start":{"line":26,"column":0},"end":{"line":26,"column":35}},"27":{"start":{"line":27,"column":0},"end":{"line":27,"column":35}},"28":{"start":{"line":28,"column":0},"end":{"line":28,"column":38}},"29":{"start":{"line":29,"column":0},"end":{"line":29,"column":30}},"30":{"start":{"line":30,"column":0},"end":{"line":30,"column":35}},"31":{"start":{"line":31,"column":0},"end":{"line":31,"column":35}},"32":{"start":{"line":32,"column":0},"end":{"line":32,"column":38}},"33":{"start":{"line":33,"column":0},"end":{"line":33,"column":30}},"34":{"start":{"line":34,"column":0},"end":{"line":34,"column":35}},"35":{"start":{"line":35,"column":0},"end":{"line":35,"column":35}},"36":{"start":{"line":36,"column":0},"end":{"line":36,"column":38}},"37":{"start":{"line":37,"column":0},"end":{"line":37,"column":30}},"38":{"start":{"line":38,"column":0},"end":{"line":38,"column":35}},"39":{"start":{"line":39,"column":0},"end":{"line":39,"column":132}},"40":{"start":{"line":40,"column":1},"end":{"line":40,"column":58}},"41":{"start":{"line":41,"column":0},"end":{"line":41,"column":15}},"42":{"start":{"line":42,"column":0},"end":{"line":42,"column":132}},"43":{"start":{"line":43,"column":1},"end":{"line":43,"column":57}},"44":{"start":{"line":44,"column":0},"end":{"line":44,"column":15}},"45":{"start":{"line":45,"column":0},"end":{"line":45,"column":132}},"46":{"start":{"line":46,"column":1},"end":{"line":46,"column":56}},"47":{"start":{"line":47,"column":0},"end":{"line":47,"column":15}},"48":{"start":{"line":48,"column":0},"end":{"line":48,"column":132}},"49":{"start":{"line":49,"column":1},"end":{"line":49,"column":64}},"50":{"start":{"line":50,"column":0},"end":{"line":50,"column":15}},"51":{"start":{"line":51,"column":0},"end":{"line":51,"column":132}},"52":{"start":{"line":52,"column":1},"end":{"line":52,"column":63}},"53":{"start":{"line":53,"column":0},"end":{"line":53,"column":15}},"54":{"start":{"line":54,"column":0},"end":{"line":54,"column":132}},"55":{"start":{"line":55,"column":1},"end":{"line":55,"column":62}},"56":{"start":{"line":56,"column":0},"end":{"line":56,"column":15}},"57":{"start":{"line":57,"column":0},"end":{"line":57,"column":132}},"58":{"start":{"line":58,"column":1},"end":{"line":58,"column":61}},"59":{"start":{"line":59,"column":0},"end":{"line":59,"column":15}},"60":{"start":{"line":60,"column":0},"end":{"line":60,"column":132}},"61":{"start":{"line":61,"column":1},"end":{"line":61,"column":60}},"62":{"start":{"line":62,"column":0},"end":{"line":62,"column":15}},"63":{"start":{"line":63,"column":0},"end":{"line":63,"column":132}},"64":{"start":{"line":64,"column":1},"end":{"line":64,"column":59}},"65":{"start":{"line":65,"column":0},"end":{"line":65,"column":15}},"66":{"start":{"line":66,"column":0},"end":{"line":66,"column":36}},"67":{"start":{"line":67,"column":0},"end":{"line":67,"column":83}},"68":{"start":{"line":68,"column":0},"end":{"line":68,"column":80}},"69":{"start":{"line":69,"column":0},"end":{"line":69,"column":76}},"70":{"start":{"line":70,"column":0},"end":{"line":70,"column":73}},"71":{"start":{"line":71,"column":0},"end":{"line":71,"column":84}},"72":{"start":{"line":72,"column":0},"end":{"line":72,"column":81}},"73":{"start":{"line":73,"column":0},"end":{"line":73,"column":77}},"74":{"start":{"line":74,"column":0},"end":{"line":74,"column":74}},"75":{"start":{"line":75,"column":0},"end":{"line":75,"column":41}},"76":{"start":{"line":76,"column":0},"end":{"line":76,"column":41}},"77":{"start":{"line":77,"column":0},"end":{"line":77,"column":47}}},"branchMap":{}},"/home/sharat/git/HW2_Devops/mystery.js":{"path":"/home/sharat/git/HW2_Devops/mystery.js","s":{"1":1,"2":1,"3":4,"4":2,"5":4,"6":2,"7":4,"8":1,"9":32,"10":8,"11":24,"12":12,"13":3,"14":9,"15":3,"16":12,"17":9,"18":17,"19":1,"20":9,"21":3,"22":6,"23":6,"24":3,"25":3,"26":2,"27":2,"28":1,"29":1,"30":1,"31":8,"32":1,"33":11,"34":7,"35":11,"36":203,"37":11,"38":1,"39":3,"40":3,"41":3,"42":2,"43":1,"44":1,"45":1,"46":1,"47":1,"48":1,"49":1},"b":{"1":[2,2],"2":[2,2],"3":[8,24],"4":[32,16],"5":[12,12],"6":[3,9],"7":[3,6],"8":[9,3],"9":[3,6],"10":[3,3],"11":[2,1],"12":[1,1],"13":[7,4],"14":[11,8],"15":[2,1]},"f":{"1":4,"2":32,"3":9,"4":8,"5":11,"6":3},"fnMap":{"1":{"name":"inc","line":3,"loc":{"start":{"line":3,"column":0},"end":{"line":3,"column":18}}},"2":{"name":"weird","line":12,"loc":{"start":{"line":12,"column":0},"end":{"line":13,"column":0}}},"3":{"name":"fileTest","line":40,"loc":{"start":{"line":40,"column":0},"end":{"line":41,"column":0}}},"4":{"name":"normalize","line":64,"loc":{"start":{"line":64,"column":0},"end":{"line":64,"column":32}}},"5":{"name":"format","line":73,"loc":{"start":{"line":73,"column":0},"end":{"line":74,"column":0}}},"6":{"name":"blackListNumber","line":88,"loc":{"start":{"line":88,"column":0},"end":{"line":89,"column":0}}}},"statementMap":{"1":{"start":{"line":1,"column":0},"end":{"line":1,"column":23}},"2":{"start":{"line":3,"column":0},"end":{"line":10,"column":1}},"3":{"start":{"line":4,"column":3},"end":{"line":4,"column":21}},"4":{"start":{"line":4,"column":16},"end":{"line":4,"column":21}},"5":{"start":{"line":5,"column":3},"end":{"line":8,"column":4}},"6":{"start":{"line":7,"column":4},"end":{"line":7,"column":11}},"7":{"start":{"line":9,"column":3},"end":{"line":9,"column":18}},"8":{"start":{"line":12,"column":0},"end":{"line":37,"column":1}},"9":{"start":{"line":14,"column":4},"end":{"line":35,"column":5}},"10":{"start":{"line":16,"column":8},"end":{"line":16,"column":15}},"11":{"start":{"line":18,"column":9},"end":{"line":35,"column":5}},"12":{"start":{"line":20,"column":8},"end":{"line":27,"column":9}},"13":{"start":{"line":22,"column":12},"end":{"line":22,"column":21}},"14":{"start":{"line":24,"column":13},"end":{"line":27,"column":9}},"15":{"start":{"line":26,"column":12},"end":{"line":26,"column":21}},"16":{"start":{"line":31,"column":8},"end":{"line":34,"column":9}},"17":{"start":{"line":33,"column":12},"end":{"line":33,"column":29}},"18":{"start":{"line":36,"column":4},"end":{"line":36,"column":13}},"19":{"start":{"line":40,"column":0},"end":{"line":62,"column":1}},"20":{"start":{"line":42,"column":1},"end":{"line":45,"column":5}},"21":{"start":{"line":44,"column":8},"end":{"line":44,"column":21}},"22":{"start":{"line":47,"column":4},"end":{"line":47,"column":36}},"23":{"start":{"line":48,"column":4},"end":{"line":51,"column":5}},"24":{"start":{"line":50,"column":8},"end":{"line":50,"column":21}},"25":{"start":{"line":53,"column":3},"end":{"line":61,"column":2}},"26":{"start":{"line":55,"column":2},"end":{"line":55,"column":46}},"27":{"start":{"line":56,"column":2},"end":{"line":59,"column":3}},"28":{"start":{"line":58,"column":3},"end":{"line":58,"column":15}},"29":{"start":{"line":60,"column":2},"end":{"line":60,"column":15}},"30":{"start":{"line":64,"column":0},"end":{"line":71,"column":1}},"31":{"start":{"line":66,"column":4},"end":{"line":69,"column":6}},"32":{"start":{"line":73,"column":0},"end":{"line":86,"column":1}},"33":{"start":{"line":76,"column":4},"end":{"line":78,"column":5}},"34":{"start":{"line":77,"column":6},"end":{"line":77,"column":42}},"35":{"start":{"line":80,"column":4},"end":{"line":82,"column":5}},"36":{"start":{"line":81,"column":6},"end":{"line":81,"column":63}},"37":{"start":{"line":84,"column":4},"end":{"line":84,"column":24}},"38":{"start":{"line":88,"column":0},"end":{"line":97,"column":1}},"39":{"start":{"line":90,"column":1},"end":{"line":90,"column":49}},"40":{"start":{"line":91,"column":1},"end":{"line":91,"column":31}},"41":{"start":{"line":92,"column":1},"end":{"line":95,"column":2}},"42":{"start":{"line":94,"column":2},"end":{"line":94,"column":14}},"43":{"start":{"line":96,"column":1},"end":{"line":96,"column":14}},"44":{"start":{"line":99,"column":0},"end":{"line":99,"column":28}},"45":{"start":{"line":100,"column":0},"end":{"line":100,"column":30}},"46":{"start":{"line":101,"column":0},"end":{"line":101,"column":24}},"47":{"start":{"line":102,"column":0},"end":{"line":102,"column":18}},"48":{"start":{"line":103,"column":0},"end":{"line":103,"column":22}},"49":{"start":{"line":104,"column":0},"end":{"line":104,"column":42}}},"branchMap":{"1":{"line":4,"type":"if","locations":[{"start":{"line":4,"column":3},"end":{"line":4,"column":3}},{"start":{"line":4,"column":3},"end":{"line":4,"column":3}}]},"2":{"line":5,"type":"if","locations":[{"start":{"line":5,"column":3},"end":{"line":5,"column":3}},{"start":{"line":5,"column":3},"end":{"line":5,"column":3}}]},"3":{"line":14,"type":"if","locations":[{"start":{"line":14,"column":4},"end":{"line":14,"column":4}},{"start":{"line":14,"column":4},"end":{"line":14,"column":4}}]},"4":{"line":14,"type":"binary-expr","locations":[{"start":{"line":14,"column":8},"end":{"line":14,"column":14}},{"start":{"line":14,"column":18},"end":{"line":14,"column":24}}]},"5":{"line":18,"type":"if","locations":[{"start":{"line":18,"column":9},"end":{"line":18,"column":9}},{"start":{"line":18,"column":9},"end":{"line":18,"column":9}}]},"6":{"line":20,"type":"if","locations":[{"start":{"line":20,"column":8},"end":{"line":20,"column":8}},{"start":{"line":20,"column":8},"end":{"line":20,"column":8}}]},"7":{"line":24,"type":"if","locations":[{"start":{"line":24,"column":13},"end":{"line":24,"column":13}},{"start":{"line":24,"column":13},"end":{"line":24,"column":13}}]},"8":{"line":31,"type":"if","locations":[{"start":{"line":31,"column":8},"end":{"line":31,"column":8}},{"start":{"line":31,"column":8},"end":{"line":31,"column":8}}]},"9":{"line":42,"type":"if","locations":[{"start":{"line":42,"column":1},"end":{"line":42,"column":1}},{"start":{"line":42,"column":1},"end":{"line":42,"column":1}}]},"10":{"line":48,"type":"if","locations":[{"start":{"line":48,"column":4},"end":{"line":48,"column":4}},{"start":{"line":48,"column":4},"end":{"line":48,"column":4}}]},"11":{"line":53,"type":"if","locations":[{"start":{"line":53,"column":3},"end":{"line":53,"column":3}},{"start":{"line":53,"column":3},"end":{"line":53,"column":3}}]},"12":{"line":56,"type":"if","locations":[{"start":{"line":56,"column":2},"end":{"line":56,"column":2}},{"start":{"line":56,"column":2},"end":{"line":56,"column":2}}]},"13":{"line":76,"type":"if","locations":[{"start":{"line":76,"column":4},"end":{"line":76,"column":4}},{"start":{"line":76,"column":4},"end":{"line":76,"column":4}}]},"14":{"line":76,"type":"binary-expr","locations":[{"start":{"line":76,"column":8},"end":{"line":76,"column":16}},{"start":{"line":76,"column":20},"end":{"line":76,"column":38}}]},"15":{"line":92,"type":"if","locations":[{"start":{"line":92,"column":1},"end":{"line":92,"column":1}},{"start":{"line":92,"column":1},"end":{"line":92,"column":1}}]}}}}